build/intermediates/manifest_merge_blame_file/release/manifest-merger-blame-release-report.txt
1<?xml version="1.0" encoding="utf-8"?>
2<manifest xmlns:android="http://schemas.android.com/apk/res/android"
3    package="com.kakao.talk.theme.template"
4    android:versionCode="101"
5    android:versionName="9.2.5" >
6
7    <uses-sdk
8        android:minSdkVersion="21"
8-->src/main/AndroidManifest.xml
9        android:targetSdkVersion="32" />
9-->src/main/AndroidManifest.xml
10
11    <uses-permission android:name="com.kakao.talk.v2.theme" />
11-->src/main/AndroidManifest.xml:6:5-63
11-->src/main/AndroidManifest.xml:6:22-60
12
13    <queries>
13-->src/main/AndroidManifest.xml:8:5-10:15
14        <package android:name="com.kakao.talk" />
14-->src/main/AndroidManifest.xml:9:9-50
14-->src/main/AndroidManifest.xml:9:18-47
15    </queries>
16
17    <application
17-->src/main/AndroidManifest.xml:12:5-39:19
18        android:allowBackup="true"
18-->src/main/AndroidManifest.xml:13:9-35
19        android:icon="@mipmap/ic_launcher"
19-->src/main/AndroidManifest.xml:14:9-43
20        android:label="@string/app_name" >
20-->src/main/AndroidManifest.xml:15:9-41
21        <meta-data
21-->src/main/AndroidManifest.xml:18:9-20:35
22            android:name="android.max_aspect"
22-->src/main/AndroidManifest.xml:19:13-46
23            android:value="2.1" />
23-->src/main/AndroidManifest.xml:20:13-32
24
25        <activity
25-->src/main/AndroidManifest.xml:22:9-37:20
26            android:name="com.kakao.talk.theme.apeach.MainActivity"
26-->src/main/AndroidManifest.xml:23:13-41
27            android:excludeFromRecents="true"
27-->src/main/AndroidManifest.xml:24:13-46
28            android:exported="true"
28-->src/main/AndroidManifest.xml:25:13-36
29            android:launchMode="singleTop"
29-->src/main/AndroidManifest.xml:26:13-43
30            android:theme="@style/noAnimTheme" >
30-->src/main/AndroidManifest.xml:27:13-47
31            <intent-filter>
31-->src/main/AndroidManifest.xml:29:13-32:29
32                <action android:name="android.intent.action.MAIN" />
32-->src/main/AndroidManifest.xml:30:17-69
32-->src/main/AndroidManifest.xml:30:25-66
33
34                <category android:name="android.intent.category.LAUNCHER" />
34-->src/main/AndroidManifest.xml:31:17-77
34-->src/main/AndroidManifest.xml:31:27-74
35            </intent-filter>
36            <intent-filter>
36-->src/main/AndroidManifest.xml:33:13-35:29
37                <action android:name="com.kakao.talk.theme.action.MAIN" />
37-->src/main/AndroidManifest.xml:34:17-75
37-->src/main/AndroidManifest.xml:34:25-72
38            </intent-filter>
39        </activity>
40    </application>
41
42</manifest>